2018-04-08 09:35:24 =ERROR REPORT====
** Generic server <0.160.0> terminating 
** Last message in was {tcp,#Port<0.3279>,<<"{\"title\":\"hisss\"}">>}
** When Server state == {sock_state,#Port<0.3279>,ranch_tcp,'STATUS_WAITING_AUTH',undefined}
** Reason for termination == 
** {function_clause,[{proplists,get_value,[msg_type,<<"{\"title\":\"hisss\"}">>,undefined],[{file,"proplists.erl"},{line,226}]},{ecache_protocol,handle_info,2,[{file,"src/ecache_protocol.erl"},{line,75}]},{gen_server,try_dispatch,4,[{file,"gen_server.erl"},{line,601}]},{gen_server,handle_msg,5,[{file,"gen_server.erl"},{line,667}]},{proc_lib,init_p_do_apply,3,[{file,"proc_lib.erl"},{line,247}]}]}
2018-04-08 09:35:24 =CRASH REPORT====
  crasher:
    initial call: ecache_protocol:init/4
    pid: <0.160.0>
    registered_name: []
    exception exit: {{function_clause,[{proplists,get_value,[msg_type,<<"{\"title\":\"hisss\"}">>,undefined],[{file,"proplists.erl"},{line,226}]},{ecache_protocol,handle_info,2,[{file,"src/ecache_protocol.erl"},{line,75}]},{gen_server,try_dispatch,4,[{file,"gen_server.erl"},{line,601}]},{gen_server,handle_msg,5,[{file,"gen_server.erl"},{line,667}]},{proc_lib,init_p_do_apply,3,[{file,"proc_lib.erl"},{line,247}]}]},[{gen_server,terminate,7,[{file,"gen_server.erl"},{line,812}]},{proc_lib,init_p_do_apply,3,[{file,"proc_lib.erl"},{line,247}]}]}
    ancestors: [<0.99.0>,<0.98.0>,ranch_sup,<0.95.0>]
    messages: []
    links: [<0.99.0>,#Port<0.3279>]
    dictionary: []
    trap_exit: false
    status: running
    heap_size: 2586
    stack_size: 27
    reductions: 4012
  neighbours:
2018-04-08 09:35:24 =ERROR REPORT====
Ranch listener ecache had connection process started with ecache_protocol:start_link/4 at <0.160.0> exit with reason: {function_clause,[{proplists,get_value,[msg_type,<<"{\"title\":\"hisss\"}">>,undefined],[{file,"proplists.erl"},{line,226}]},{ecache_protocol,handle_info,2,[{file,"src/ecache_protocol.erl"},{line,75}]},{gen_server,try_dispatch,4,[{file,"gen_server.erl"},{line,601}]},{gen_server,handle_msg,5,[{file,"gen_server.erl"},{line,667}]},{proc_lib,init_p_do_apply,3,[{file,"proc_lib.erl"},{line,247}]}]}
2018-04-08 09:42:16 =ERROR REPORT====
** Generic server <0.168.0> terminating 
** Last message in was timeout
** When Server state == {sock_state,#Port<0.3284>,ranch_tcp,'STATUS_WAITING_AUTH',undefined}
** Reason for termination == 
** timeout
2018-04-08 09:42:16 =CRASH REPORT====
  crasher:
    initial call: ecache_protocol:init/4
    pid: <0.168.0>
    registered_name: []
    exception exit: {timeout,[{gen_server,terminate,7,[{file,"gen_server.erl"},{line,812}]},{proc_lib,init_p_do_apply,3,[{file,"proc_lib.erl"},{line,247}]}]}
    ancestors: [<0.99.0>,<0.98.0>,ranch_sup,<0.95.0>]
    messages: []
    links: [<0.99.0>,#Port<0.3284>]
    dictionary: []
    trap_exit: false
    status: running
    heap_size: 987
    stack_size: 27
    reductions: 1804
  neighbours:
2018-04-08 09:42:16 =ERROR REPORT====
Ranch listener ecache had connection process started with ecache_protocol:start_link/4 at <0.168.0> exit with reason: timeout
2018-04-08 09:47:16 =ERROR REPORT====
** Generic server <0.175.0> terminating 
** Last message in was timeout
** When Server state == {sock_state,#Port<0.3289>,ranch_tcp,'STATUS_WAITING_AUTH',undefined}
** Reason for termination == 
** timeout
2018-04-08 09:47:16 =CRASH REPORT====
  crasher:
    initial call: ecache_protocol:init/4
    pid: <0.175.0>
    registered_name: []
    exception exit: {timeout,[{gen_server,terminate,7,[{file,"gen_server.erl"},{line,812}]},{proc_lib,init_p_do_apply,3,[{file,"proc_lib.erl"},{line,247}]}]}
    ancestors: [<0.99.0>,<0.98.0>,ranch_sup,<0.95.0>]
    messages: []
    links: [<0.99.0>,#Port<0.3289>]
    dictionary: []
    trap_exit: false
    status: running
    heap_size: 987
    stack_size: 27
    reductions: 1804
  neighbours:
2018-04-08 09:47:16 =ERROR REPORT====
Ranch listener ecache had connection process started with ecache_protocol:start_link/4 at <0.175.0> exit with reason: timeout
2018-04-08 09:51:42 =ERROR REPORT====
** Generic server <0.182.0> terminating 
** Last message in was {tcp,#Port<0.3293>,<<131,108,0,0,0,1,104,2,109,0,0,0,5,116,105,116,108,101,109,0,0,0,5,104,105,115,115,115,106>>}
** When Server state == {sock_state,#Port<0.3293>,ranch_tcp,'STATUS_WAITING_AUTH',undefined}
** Reason for termination == 
** {function_clause,[{proplists,get_value,[msg_type,<<131,108,0,0,0,1,104,2,109,0,0,0,5,116,105,116,108,101,109,0,0,0,5,104,105,115,115,115,106>>,undefined],[{file,"proplists.erl"},{line,226}]},{ecache_protocol,handle_info,2,[{file,"src/ecache_protocol.erl"},{line,75}]},{gen_server,try_dispatch,4,[{file,"gen_server.erl"},{line,601}]},{gen_server,handle_msg,5,[{file,"gen_server.erl"},{line,667}]},{proc_lib,init_p_do_apply,3,[{file,"proc_lib.erl"},{line,247}]}]}
2018-04-08 09:51:42 =CRASH REPORT====
  crasher:
    initial call: ecache_protocol:init/4
    pid: <0.182.0>
    registered_name: []
    exception exit: {{function_clause,[{proplists,get_value,[msg_type,<<131,108,0,0,0,1,104,2,109,0,0,0,5,116,105,116,108,101,109,0,0,0,5,104,105,115,115,115,106>>,undefined],[{file,"proplists.erl"},{line,226}]},{ecache_protocol,handle_info,2,[{file,"src/ecache_protocol.erl"},{line,75}]},{gen_server,try_dispatch,4,[{file,"gen_server.erl"},{line,601}]},{gen_server,handle_msg,5,[{file,"gen_server.erl"},{line,667}]},{proc_lib,init_p_do_apply,3,[{file,"proc_lib.erl"},{line,247}]}]},[{gen_server,terminate,7,[{file,"gen_server.erl"},{line,812}]},{proc_lib,init_p_do_apply,3,[{file,"proc_lib.erl"},{line,247}]}]}
    ancestors: [<0.99.0>,<0.98.0>,ranch_sup,<0.95.0>]
    messages: []
    links: [<0.99.0>,#Port<0.3293>]
    dictionary: []
    trap_exit: false
    status: running
    heap_size: 2586
    stack_size: 27
    reductions: 5153
  neighbours:
2018-04-08 09:51:42 =ERROR REPORT====
Ranch listener ecache had connection process started with ecache_protocol:start_link/4 at <0.182.0> exit with reason: {function_clause,[{proplists,get_value,[msg_type,<<131,108,0,0,0,1,104,2,109,0,0,0,5,116,105,116,108,101,109,0,0,0,5,104,105,115,115,115,106>>,undefined],[{file,"proplists.erl"},{line,226}]},{ecache_protocol,handle_info,2,[{file,"src/ecache_protocol.erl"},{line,75}]},{gen_server,try_dispatch,4,[{file,"gen_server.erl"},{line,601}]},{gen_server,handle_msg,5,[{file,"gen_server.erl"},{line,667}]},{proc_lib,init_p_do_apply,3,[{file,"proc_lib.erl"},{line,247}]}]}
2018-04-08 10:00:03 =ERROR REPORT====
** Generic server <0.188.0> terminating 
** Last message in was {tcp,#Port<0.3296>,<<131,108,0,0,0,1,104,2,109,0,0,0,5,116,105,116,108,101,109,0,0,0,5,104,105,115,115,115,106>>}
** When Server state == {sock_state,#Port<0.3296>,ranch_tcp,'STATUS_WAITING_AUTH',undefined}
** Reason for termination == 
** {'module could not be loaded',[{jsx,encode,[[{<<"msg_type">>,<<"message_ack">>},{<<"sequence_id">>,<<"123">>},{<<"version">>,<<"v2.2">>},{<<"result">>,<<"error">>},{<<"data">>,[{<<"code">>,<<"401">>},{<<"desc">>,<<"no auth">>}]}]],[]},{ecache_protocol,handle_info,2,[{file,"src/ecache_protocol.erl"},{line,80}]},{gen_server,try_dispatch,4,[{file,"gen_server.erl"},{line,601}]},{gen_server,handle_msg,5,[{file,"gen_server.erl"},{line,667}]},{proc_lib,init_p_do_apply,3,[{file,"proc_lib.erl"},{line,247}]}]}
2018-04-08 10:00:03 =CRASH REPORT====
  crasher:
    initial call: ecache_protocol:init/4
    pid: <0.188.0>
    registered_name: []
    exception exit: {{undef,[{jsx,encode,[[{<<"msg_type">>,<<"message_ack">>},{<<"sequence_id">>,<<"123">>},{<<"version">>,<<"v2.2">>},{<<"result">>,<<"error">>},{<<"data">>,[{<<"code">>,<<"401">>},{<<"desc">>,<<"no auth">>}]}]],[]},{ecache_protocol,handle_info,2,[{file,"src/ecache_protocol.erl"},{line,80}]},{gen_server,try_dispatch,4,[{file,"gen_server.erl"},{line,601}]},{gen_server,handle_msg,5,[{file,"gen_server.erl"},{line,667}]},{proc_lib,init_p_do_apply,3,[{file,"proc_lib.erl"},{line,247}]}]},[{gen_server,terminate,7,[{file,"gen_server.erl"},{line,812}]},{proc_lib,init_p_do_apply,3,[{file,"proc_lib.erl"},{line,247}]}]}
    ancestors: [<0.99.0>,<0.98.0>,ranch_sup,<0.95.0>]
    messages: []
    links: [<0.99.0>,#Port<0.3296>]
    dictionary: []
    trap_exit: false
    status: running
    heap_size: 2586
    stack_size: 27
    reductions: 6755
  neighbours:
2018-04-08 10:00:03 =ERROR REPORT====
Ranch listener ecache had connection process started with ecache_protocol:start_link/4 at <0.188.0> exit with reason: {undef,[{jsx,encode,[[{<<"msg_type">>,<<"message_ack">>},{<<"sequence_id">>,<<"123">>},{<<"version">>,<<"v2.2">>},{<<"result">>,<<"error">>},{<<"data">>,[{<<"code">>,<<"401">>},{<<"desc">>,<<"no auth">>}]}]],[]},{ecache_protocol,handle_info,2,[{file,"src/ecache_protocol.erl"},{line,80}]},{gen_server,try_dispatch,4,[{file,"gen_server.erl"},{line,601}]},{gen_server,handle_msg,5,[{file,"gen_server.erl"},{line,667}]},{proc_lib,init_p_do_apply,3,[{file,"proc_lib.erl"},{line,247}]}]}
2018-04-08 10:00:16 =ERROR REPORT====
** Generic server <0.191.0> terminating 
** Last message in was {tcp,#Port<0.3360>,<<131,108,0,0,0,3,104,2,109,0,0,0,6,100,101,118,105,99,101,109,0,0,0,9,99,108,105,101,110,116,95,105,100,104,2,109,0,0,0,13,109,101,115,115,97,103,101,95,116,114,97,105,116,109,0,0,0,9,107,101,101,112,97,108,105,118,101,104,2,109,0,0,0,8,109,115,103,95,116,121,112,101,109,0,0,0,9,107,101,101,112,97,108,105,118,101,106>>}
** When Server state == {sock_state,#Port<0.3360>,ranch_tcp,'STATUS_WAITING_AUTH',undefined}
** Reason for termination == 
** {'module could not be loaded',[{jsx,encode,[[{<<"msg_type">>,<<"message_ack">>},{<<"sequence_id">>,<<"123">>},{<<"version">>,<<"v2.2">>},{<<"result">>,<<"error">>},{<<"data">>,[{<<"code">>,<<"401">>},{<<"desc">>,<<"no auth">>}]}]],[]},{ecache_protocol,handle_info,2,[{file,"src/ecache_protocol.erl"},{line,80}]},{gen_server,try_dispatch,4,[{file,"gen_server.erl"},{line,601}]},{gen_server,handle_msg,5,[{file,"gen_server.erl"},{line,667}]},{proc_lib,init_p_do_apply,3,[{file,"proc_lib.erl"},{line,247}]}]}
2018-04-08 10:00:16 =CRASH REPORT====
  crasher:
    initial call: ecache_protocol:init/4
    pid: <0.191.0>
    registered_name: []
    exception exit: {{undef,[{jsx,encode,[[{<<"msg_type">>,<<"message_ack">>},{<<"sequence_id">>,<<"123">>},{<<"version">>,<<"v2.2">>},{<<"result">>,<<"error">>},{<<"data">>,[{<<"code">>,<<"401">>},{<<"desc">>,<<"no auth">>}]}]],[]},{ecache_protocol,handle_info,2,[{file,"src/ecache_protocol.erl"},{line,80}]},{gen_server,try_dispatch,4,[{file,"gen_server.erl"},{line,601}]},{gen_server,handle_msg,5,[{file,"gen_server.erl"},{line,667}]},{proc_lib,init_p_do_apply,3,[{file,"proc_lib.erl"},{line,247}]}]},[{gen_server,terminate,7,[{file,"gen_server.erl"},{line,812}]},{proc_lib,init_p_do_apply,3,[{file,"proc_lib.erl"},{line,247}]}]}
    ancestors: [<0.99.0>,<0.98.0>,ranch_sup,<0.95.0>]
    messages: []
    links: [<0.99.0>,#Port<0.3360>]
    dictionary: []
    trap_exit: false
    status: running
    heap_size: 610
    stack_size: 27
    reductions: 11474
  neighbours:
2018-04-08 10:00:16 =ERROR REPORT====
Ranch listener ecache had connection process started with ecache_protocol:start_link/4 at <0.191.0> exit with reason: {undef,[{jsx,encode,[[{<<"msg_type">>,<<"message_ack">>},{<<"sequence_id">>,<<"123">>},{<<"version">>,<<"v2.2">>},{<<"result">>,<<"error">>},{<<"data">>,[{<<"code">>,<<"401">>},{<<"desc">>,<<"no auth">>}]}]],[]},{ecache_protocol,handle_info,2,[{file,"src/ecache_protocol.erl"},{line,80}]},{gen_server,try_dispatch,4,[{file,"gen_server.erl"},{line,601}]},{gen_server,handle_msg,5,[{file,"gen_server.erl"},{line,667}]},{proc_lib,init_p_do_apply,3,[{file,"proc_lib.erl"},{line,247}]}]}
2018-04-08 10:00:27 =ERROR REPORT====
** Generic server <0.192.0> terminating 
** Last message in was {tcp,#Port<0.3422>,<<131,108,0,0,0,1,104,2,109,0,0,0,5,116,105,116,108,101,109,0,0,0,5,104,105,115,115,115,106>>}
** When Server state == {sock_state,#Port<0.3422>,ranch_tcp,'STATUS_WAITING_AUTH',undefined}
** Reason for termination == 
** {'module could not be loaded',[{jsx,encode,[[{<<"msg_type">>,<<"message_ack">>},{<<"sequence_id">>,<<"123">>},{<<"version">>,<<"v2.2">>},{<<"result">>,<<"error">>},{<<"data">>,[{<<"code">>,<<"401">>},{<<"desc">>,<<"no auth">>}]}]],[]},{ecache_protocol,handle_info,2,[{file,"src/ecache_protocol.erl"},{line,80}]},{gen_server,try_dispatch,4,[{file,"gen_server.erl"},{line,601}]},{gen_server,handle_msg,5,[{file,"gen_server.erl"},{line,667}]},{proc_lib,init_p_do_apply,3,[{file,"proc_lib.erl"},{line,247}]}]}
2018-04-08 10:00:27 =CRASH REPORT====
  crasher:
    initial call: ecache_protocol:init/4
    pid: <0.192.0>
    registered_name: []
    exception exit: {{undef,[{jsx,encode,[[{<<"msg_type">>,<<"message_ack">>},{<<"sequence_id">>,<<"123">>},{<<"version">>,<<"v2.2">>},{<<"result">>,<<"error">>},{<<"data">>,[{<<"code">>,<<"401">>},{<<"desc">>,<<"no auth">>}]}]],[]},{ecache_protocol,handle_info,2,[{file,"src/ecache_protocol.erl"},{line,80}]},{gen_server,try_dispatch,4,[{file,"gen_server.erl"},{line,601}]},{gen_server,handle_msg,5,[{file,"gen_server.erl"},{line,667}]},{proc_lib,init_p_do_apply,3,[{file,"proc_lib.erl"},{line,247}]}]},[{gen_server,terminate,7,[{file,"gen_server.erl"},{line,812}]},{proc_lib,init_p_do_apply,3,[{file,"proc_lib.erl"},{line,247}]}]}
    ancestors: [<0.99.0>,<0.98.0>,ranch_sup,<0.95.0>]
    messages: []
    links: [<0.99.0>,#Port<0.3422>]
    dictionary: []
    trap_exit: false
    status: running
    heap_size: 2586
    stack_size: 27
    reductions: 6762
  neighbours:
2018-04-08 10:00:27 =ERROR REPORT====
Ranch listener ecache had connection process started with ecache_protocol:start_link/4 at <0.192.0> exit with reason: {undef,[{jsx,encode,[[{<<"msg_type">>,<<"message_ack">>},{<<"sequence_id">>,<<"123">>},{<<"version">>,<<"v2.2">>},{<<"result">>,<<"error">>},{<<"data">>,[{<<"code">>,<<"401">>},{<<"desc">>,<<"no auth">>}]}]],[]},{ecache_protocol,handle_info,2,[{file,"src/ecache_protocol.erl"},{line,80}]},{gen_server,try_dispatch,4,[{file,"gen_server.erl"},{line,601}]},{gen_server,handle_msg,5,[{file,"gen_server.erl"},{line,667}]},{proc_lib,init_p_do_apply,3,[{file,"proc_lib.erl"},{line,247}]}]}
2018-04-08 10:01:16 =ERROR REPORT====
** Generic server <0.187.0> terminating 
** Last message in was timeout
** When Server state == {sock_state,#Port<0.3295>,ranch_tcp,'STATUS_WAITING_AUTH',undefined}
** Reason for termination == 
** timeout
2018-04-08 10:01:16 =CRASH REPORT====
  crasher:
    initial call: ecache_protocol:init/4
    pid: <0.187.0>
    registered_name: []
    exception exit: {timeout,[{gen_server,terminate,7,[{file,"gen_server.erl"},{line,812}]},{proc_lib,init_p_do_apply,3,[{file,"proc_lib.erl"},{line,247}]}]}
    ancestors: [<0.99.0>,<0.98.0>,ranch_sup,<0.95.0>]
    messages: []
    links: [<0.99.0>,#Port<0.3295>]
    dictionary: []
    trap_exit: false
    status: running
    heap_size: 987
    stack_size: 27
    reductions: 1804
  neighbours:
2018-04-08 10:01:16 =ERROR REPORT====
Ranch listener ecache had connection process started with ecache_protocol:start_link/4 at <0.187.0> exit with reason: timeout
2018-04-08 10:01:38 =ERROR REPORT====
** Generic server <0.189.0> terminating 
** Last message in was timeout
** When Server state == {sock_state,#Port<0.3358>,ranch_tcp,'STATUS_WAITING_AUTH',undefined}
** Reason for termination == 
** timeout
2018-04-08 10:01:38 =CRASH REPORT====
  crasher:
    initial call: ecache_protocol:init/4
    pid: <0.189.0>
    registered_name: []
    exception exit: {timeout,[{gen_server,terminate,7,[{file,"gen_server.erl"},{line,812}]},{proc_lib,init_p_do_apply,3,[{file,"proc_lib.erl"},{line,247}]}]}
    ancestors: [<0.99.0>,<0.98.0>,ranch_sup,<0.95.0>]
    messages: []
    links: [<0.99.0>,#Port<0.3358>]
    dictionary: []
    trap_exit: false
    status: running
    heap_size: 987
    stack_size: 27
    reductions: 1803
  neighbours:
2018-04-08 10:01:38 =ERROR REPORT====
Ranch listener ecache had connection process started with ecache_protocol:start_link/4 at <0.189.0> exit with reason: timeout
2018-04-08 10:01:41 =ERROR REPORT====
** Generic server <0.190.0> terminating 
** Last message in was timeout
** When Server state == {sock_state,#Port<0.3359>,ranch_tcp,'STATUS_WAITING_AUTH',undefined}
** Reason for termination == 
** timeout
2018-04-08 10:01:41 =CRASH REPORT====
  crasher:
    initial call: ecache_protocol:init/4
    pid: <0.190.0>
    registered_name: []
    exception exit: {timeout,[{gen_server,terminate,7,[{file,"gen_server.erl"},{line,812}]},{proc_lib,init_p_do_apply,3,[{file,"proc_lib.erl"},{line,247}]}]}
    ancestors: [<0.99.0>,<0.98.0>,ranch_sup,<0.95.0>]
    messages: []
    links: [<0.99.0>,#Port<0.3359>]
    dictionary: []
    trap_exit: false
    status: running
    heap_size: 987
    stack_size: 27
    reductions: 1804
  neighbours:
2018-04-08 10:01:41 =ERROR REPORT====
Ranch listener ecache had connection process started with ecache_protocol:start_link/4 at <0.190.0> exit with reason: timeout
2018-04-08 10:03:04 =ERROR REPORT====
Bad value on output port 'tcp_inet'

2018-04-08 10:03:09 =ERROR REPORT====
Bad value on output port 'tcp_inet'

2018-04-08 10:04:27 =ERROR REPORT====
** Generic server <0.194.0> terminating 
** Last message in was timeout
** When Server state == {sock_state,#Port<0.3485>,ranch_tcp,'STATUS_WAITING_AUTH',undefined}
** Reason for termination == 
** timeout
2018-04-08 10:04:27 =CRASH REPORT====
  crasher:
    initial call: ecache_protocol:init/4
    pid: <0.194.0>
    registered_name: []
    exception exit: {timeout,[{gen_server,terminate,7,[{file,"gen_server.erl"},{line,812}]},{proc_lib,init_p_do_apply,3,[{file,"proc_lib.erl"},{line,247}]}]}
    ancestors: [<0.99.0>,<0.98.0>,ranch_sup,<0.95.0>]
    messages: []
    links: [<0.99.0>,#Port<0.3485>]
    dictionary: []
    trap_exit: false
    status: running
    heap_size: 1598
    stack_size: 27
    reductions: 24031
  neighbours:
2018-04-08 10:04:27 =ERROR REPORT====
Ranch listener ecache had connection process started with ecache_protocol:start_link/4 at <0.194.0> exit with reason: timeout
2018-04-08 10:04:34 =ERROR REPORT====
** Generic server <0.196.0> terminating 
** Last message in was timeout
** When Server state == {sock_state,#Port<0.3486>,ranch_tcp,'STATUS_WAITING_AUTH',undefined}
** Reason for termination == 
** timeout
2018-04-08 10:04:34 =CRASH REPORT====
  crasher:
    initial call: ecache_protocol:init/4
    pid: <0.196.0>
    registered_name: []
    exception exit: {timeout,[{gen_server,terminate,7,[{file,"gen_server.erl"},{line,812}]},{proc_lib,init_p_do_apply,3,[{file,"proc_lib.erl"},{line,247}]}]}
    ancestors: [<0.99.0>,<0.98.0>,ranch_sup,<0.95.0>]
    messages: []
    links: [<0.99.0>,#Port<0.3486>]
    dictionary: []
    trap_exit: false
    status: running
    heap_size: 987
    stack_size: 27
    reductions: 1803
  neighbours:
2018-04-08 10:04:34 =ERROR REPORT====
Ranch listener ecache had connection process started with ecache_protocol:start_link/4 at <0.196.0> exit with reason: timeout
2018-04-08 10:06:16 =ERROR REPORT====
Bad value on output port 'tcp_inet'

2018-04-08 10:07:14 =ERROR REPORT====
Bad value on output port 'tcp_inet'

2018-04-08 10:07:34 =ERROR REPORT====
** Generic server <0.197.0> terminating 
** Last message in was timeout
** When Server state == {sock_state,#Port<0.3487>,ranch_tcp,'STATUS_WAITING_AUTH',undefined}
** Reason for termination == 
** timeout
2018-04-08 10:07:34 =CRASH REPORT====
  crasher:
    initial call: ecache_protocol:init/4
    pid: <0.197.0>
    registered_name: []
    exception exit: {timeout,[{gen_server,terminate,7,[{file,"gen_server.erl"},{line,812}]},{proc_lib,init_p_do_apply,3,[{file,"proc_lib.erl"},{line,247}]}]}
    ancestors: [<0.99.0>,<0.98.0>,ranch_sup,<0.95.0>]
    messages: []
    links: [<0.99.0>,#Port<0.3487>]
    dictionary: []
    trap_exit: false
    status: running
    heap_size: 4185
    stack_size: 27
    reductions: 77289
  neighbours:
2018-04-08 10:07:34 =ERROR REPORT====
Ranch listener ecache had connection process started with ecache_protocol:start_link/4 at <0.197.0> exit with reason: timeout
2018-04-08 10:08:34 =ERROR REPORT====
** Generic server <0.199.0> terminating 
** Last message in was timeout
** When Server state == {sock_state,#Port<0.3488>,ranch_tcp,'STATUS_WAITING_AUTH',undefined}
** Reason for termination == 
** timeout
2018-04-08 10:08:34 =CRASH REPORT====
  crasher:
    initial call: ecache_protocol:init/4
    pid: <0.199.0>
    registered_name: []
    exception exit: {timeout,[{gen_server,terminate,7,[{file,"gen_server.erl"},{line,812}]},{proc_lib,init_p_do_apply,3,[{file,"proc_lib.erl"},{line,247}]}]}
    ancestors: [<0.99.0>,<0.98.0>,ranch_sup,<0.95.0>]
    messages: []
    links: [<0.99.0>,#Port<0.3488>]
    dictionary: []
    trap_exit: false
    status: running
    heap_size: 6772
    stack_size: 27
    reductions: 30441
  neighbours:
2018-04-08 10:08:34 =ERROR REPORT====
Ranch listener ecache had connection process started with ecache_protocol:start_link/4 at <0.199.0> exit with reason: timeout
2018-04-08 10:09:04 =ERROR REPORT====
** Generic server <0.201.0> terminating 
** Last message in was timeout
** When Server state == {sock_state,#Port<0.3489>,ranch_tcp,'STATUS_WAITING_AUTH',undefined}
** Reason for termination == 
** timeout
2018-04-08 10:09:04 =CRASH REPORT====
  crasher:
    initial call: ecache_protocol:init/4
    pid: <0.201.0>
    registered_name: []
    exception exit: {timeout,[{gen_server,terminate,7,[{file,"gen_server.erl"},{line,812}]},{proc_lib,init_p_do_apply,3,[{file,"proc_lib.erl"},{line,247}]}]}
    ancestors: [<0.99.0>,<0.98.0>,ranch_sup,<0.95.0>]
    messages: []
    links: [<0.99.0>,#Port<0.3489>]
    dictionary: []
    trap_exit: false
    status: running
    heap_size: 610
    stack_size: 27
    reductions: 11848
  neighbours:
2018-04-08 10:09:04 =ERROR REPORT====
Ranch listener ecache had connection process started with ecache_protocol:start_link/4 at <0.201.0> exit with reason: timeout
2018-04-08 10:11:34 =ERROR REPORT====
** Generic server <0.202.0> terminating 
** Last message in was timeout
** When Server state == {sock_state,#Port<0.3490>,ranch_tcp,'STATUS_WAITING_AUTH',undefined}
** Reason for termination == 
** timeout
2018-04-08 10:11:34 =CRASH REPORT====
  crasher:
    initial call: ecache_protocol:init/4
    pid: <0.202.0>
    registered_name: []
    exception exit: {timeout,[{gen_server,terminate,7,[{file,"gen_server.erl"},{line,812}]},{proc_lib,init_p_do_apply,3,[{file,"proc_lib.erl"},{line,247}]}]}
    ancestors: [<0.99.0>,<0.98.0>,ranch_sup,<0.95.0>]
    messages: []
    links: [<0.99.0>,#Port<0.3490>]
    dictionary: []
    trap_exit: false
    status: running
    heap_size: 987
    stack_size: 27
    reductions: 62309
  neighbours:
2018-04-08 10:11:34 =ERROR REPORT====
Ranch listener ecache had connection process started with ecache_protocol:start_link/4 at <0.202.0> exit with reason: timeout
2018-04-08 10:14:52 =ERROR REPORT====
Error in process <0.160.0> on node 'test@127.0.0.1' with exit value:
{badarg,[{erlang,binary_to_term,[[131,108,0,0,0,5,104,2,109,0,0,0,8,109,115,103,95,116,121,112,101,109,0,0,0,11,109,101,115,115,97,103,101,95,97,99,107,104,2,109,0,0,0,11,115,101,113,117,101,110,99,101,95,105,100,109,0,0,0,3,49,50,51,104,2,109,0,0,0,7,118,101,114,115,105,111,110,109,0,0,0,4,118,50,46,50,104,2,109,0,0,0,6,114,101,115,117,108,116,109,0,0,0,5,101,114,114,111,114,104,2,109,0,0,0,4,100,97,116,97,108,0,0,0,2,104,2,109,0,0,0,4,99,111,100,101,109,0,0,0,3,52,48,49,104,2,109,0,0,0,4,100,101,115,99,109,0,0,0,7,110,111,32,97,117,116,104,106,106]],[]},{tcp_client,decode,1,[{file,"src/tcp_client.erl"},{line,114}]},{tcp_client,loop,1,[{file,"src/tcp_client.erl"},{line,62}]}]}
2018-04-08 10:15:17 =ERROR REPORT====
Error in process <0.161.0> on node 'test@127.0.0.1' with exit value:
{badarg,[{erlang,binary_to_term,[[131,108,0,0,0,5,104,2,109,0,0,0,8,109,115,103,95,116,121,112,101,109,0,0,0,11,109,101,115,115,97,103,101,95,97,99,107,104,2,109,0,0,0,11,115,101,113,117,101,110,99,101,95,105,100,109,0,0,0,3,49,50,51,104,2,109,0,0,0,7,118,101,114,115,105,111,110,109,0,0,0,4,118,50,46,50,104,2,109,0,0,0,6,114,101,115,117,108,116,109,0,0,0,5,101,114,114,111,114,104,2,109,0,0,0,4,100,97,116,97,108,0,0,0,2,104,2,109,0,0,0,4,99,111,100,101,109,0,0,0,3,52,48,49,104,2,109,0,0,0,4,100,101,115,99,109,0,0,0,7,110,111,32,97,117,116,104,106,106]],[]},{tcp_client,decode,1,[{file,"src/tcp_client.erl"},{line,114}]},{tcp_client,loop,1,[{file,"src/tcp_client.erl"},{line,62}]}]}
2018-04-08 10:16:04 =ERROR REPORT====
** Generic server <0.204.0> terminating 
** Last message in was timeout
** When Server state == {sock_state,#Port<0.3491>,ranch_tcp,'STATUS_WAITING_AUTH',undefined}
** Reason for termination == 
** timeout
2018-04-08 10:16:04 =CRASH REPORT====
  crasher:
    initial call: ecache_protocol:init/4
    pid: <0.204.0>
    registered_name: []
    exception exit: {timeout,[{gen_server,terminate,7,[{file,"gen_server.erl"},{line,812}]},{proc_lib,init_p_do_apply,3,[{file,"proc_lib.erl"},{line,247}]}]}
    ancestors: [<0.99.0>,<0.98.0>,ranch_sup,<0.95.0>]
    messages: []
    links: [<0.99.0>,#Port<0.3491>]
    dictionary: []
    trap_exit: false
    status: running
    heap_size: 4185
    stack_size: 27
    reductions: 99834
  neighbours:
2018-04-08 10:16:04 =ERROR REPORT====
Ranch listener ecache had connection process started with ecache_protocol:start_link/4 at <0.204.0> exit with reason: timeout
2018-04-08 10:16:34 =ERROR REPORT====
** Generic server <0.208.0> terminating 
** Last message in was timeout
** When Server state == {sock_state,#Port<0.3492>,ranch_tcp,'STATUS_WAITING_AUTH',undefined}
** Reason for termination == 
** timeout
2018-04-08 10:16:34 =CRASH REPORT====
  crasher:
    initial call: ecache_protocol:init/4
    pid: <0.208.0>
    registered_name: []
    exception exit: {timeout,[{gen_server,terminate,7,[{file,"gen_server.erl"},{line,812}]},{proc_lib,init_p_do_apply,3,[{file,"proc_lib.erl"},{line,247}]}]}
    ancestors: [<0.99.0>,<0.98.0>,ranch_sup,<0.95.0>]
    messages: []
    links: [<0.99.0>,#Port<0.3492>]
    dictionary: []
    trap_exit: false
    status: running
    heap_size: 4185
    stack_size: 27
    reductions: 15569
  neighbours:
2018-04-08 10:16:34 =ERROR REPORT====
Ranch listener ecache had connection process started with ecache_protocol:start_link/4 at <0.208.0> exit with reason: timeout
2018-04-08 10:16:38 =ERROR REPORT====
Error in process <0.163.0> on node 'test@127.0.0.1' with exit value:
{badarg,[{erlang,binary_to_term,[[131,108,0,0,0,5,104,2,109,0,0,0,8,109,115,103,95,116,121,112,101,109,0,0,0,11,109,101,115,115,97,103,101,95,97,99,107,104,2,109,0,0,0,11,115,101,113,117,101,110,99,101,95,105,100,109,0,0,0,3,49,50,51,104,2,109,0,0,0,7,118,101,114,115,105,111,110,109,0,0,0,4,118,50,46,50,104,2,109,0,0,0,6,114,101,115,117,108,116,109,0,0,0,5,101,114,114,111,114,104,2,109,0,0,0,4,100,97,116,97,108,0,0,0,2,104,2,109,0,0,0,4,99,111,100,101,109,0,0,0,3,52,48,49,104,2,109,0,0,0,4,100,101,115,99,109,0,0,0,7,110,111,32,97,117,116,104,106,106]],[]},{tcp_client,decode,1,[{file,"src/tcp_client.erl"},{line,115}]},{tcp_client,loop,1,[{file,"src/tcp_client.erl"},{line,63}]}]}
2018-04-08 10:16:47 =ERROR REPORT====
Error in process <0.165.0> on node 'test@127.0.0.1' with exit value:
{badarg,[{erlang,binary_to_term,[[131,108,0,0,0,5,104,2,109,0,0,0,8,109,115,103,95,116,121,112,101,109,0,0,0,11,109,101,115,115,97,103,101,95,97,99,107,104,2,109,0,0,0,11,115,101,113,117,101,110,99,101,95,105,100,109,0,0,0,3,49,50,51,104,2,109,0,0,0,7,118,101,114,115,105,111,110,109,0,0,0,4,118,50,46,50,104,2,109,0,0,0,6,114,101,115,117,108,116,109,0,0,0,5,101,114,114,111,114,104,2,109,0,0,0,4,100,97,116,97,108,0,0,0,2,104,2,109,0,0,0,4,99,111,100,101,109,0,0,0,3,52,48,49,104,2,109,0,0,0,4,100,101,115,99,109,0,0,0,7,110,111,32,97,117,116,104,106,106]],[]},{tcp_client,decode,1,[{file,"src/tcp_client.erl"},{line,115}]},{tcp_client,loop,1,[{file,"src/tcp_client.erl"},{line,63}]}]}
2018-04-08 10:17:04 =ERROR REPORT====
** Generic server <0.209.0> terminating 
** Last message in was timeout
** When Server state == {sock_state,#Port<0.3493>,ranch_tcp,'STATUS_WAITING_AUTH',undefined}
** Reason for termination == 
** timeout
2018-04-08 10:17:04 =CRASH REPORT====
  crasher:
    initial call: ecache_protocol:init/4
    pid: <0.209.0>
    registered_name: []
    exception exit: {timeout,[{gen_server,terminate,7,[{file,"gen_server.erl"},{line,812}]},{proc_lib,init_p_do_apply,3,[{file,"proc_lib.erl"},{line,247}]}]}
    ancestors: [<0.99.0>,<0.98.0>,ranch_sup,<0.95.0>]
    messages: []
    links: [<0.99.0>,#Port<0.3493>]
    dictionary: []
    trap_exit: false
    status: running
    heap_size: 4185
    stack_size: 27
    reductions: 15565
  neighbours:
2018-04-08 10:17:04 =ERROR REPORT====
Ranch listener ecache had connection process started with ecache_protocol:start_link/4 at <0.209.0> exit with reason: timeout
2018-04-08 10:18:08 =ERROR REPORT====
** Generic server <0.211.0> terminating 
** Last message in was timeout
** When Server state == {sock_state,#Port<0.3494>,ranch_tcp,'STATUS_WAITING_AUTH',undefined}
** Reason for termination == 
** timeout
2018-04-08 10:18:08 =CRASH REPORT====
  crasher:
    initial call: ecache_protocol:init/4
    pid: <0.211.0>
    registered_name: []
    exception exit: {timeout,[{gen_server,terminate,7,[{file,"gen_server.erl"},{line,812}]},{proc_lib,init_p_do_apply,3,[{file,"proc_lib.erl"},{line,247}]}]}
    ancestors: [<0.99.0>,<0.98.0>,ranch_sup,<0.95.0>]
    messages: []
    links: [<0.99.0>,#Port<0.3494>]
    dictionary: []
    trap_exit: false
    status: running
    heap_size: 987
    stack_size: 27
    reductions: 6116
  neighbours:
2018-04-08 10:18:08 =ERROR REPORT====
Ranch listener ecache had connection process started with ecache_protocol:start_link/4 at <0.211.0> exit with reason: timeout
2018-04-08 10:18:17 =ERROR REPORT====
** Generic server <0.212.0> terminating 
** Last message in was timeout
** When Server state == {sock_state,#Port<0.3495>,ranch_tcp,'STATUS_WAITING_AUTH',undefined}
** Reason for termination == 
** timeout
2018-04-08 10:18:17 =CRASH REPORT====
  crasher:
    initial call: ecache_protocol:init/4
    pid: <0.212.0>
    registered_name: []
    exception exit: {timeout,[{gen_server,terminate,7,[{file,"gen_server.erl"},{line,812}]},{proc_lib,init_p_do_apply,3,[{file,"proc_lib.erl"},{line,247}]}]}
    ancestors: [<0.99.0>,<0.98.0>,ranch_sup,<0.95.0>]
    messages: []
    links: [<0.99.0>,#Port<0.3495>]
    dictionary: []
    trap_exit: false
    status: running
    heap_size: 987
    stack_size: 27
    reductions: 6118
  neighbours:
2018-04-08 10:18:17 =ERROR REPORT====
Ranch listener ecache had connection process started with ecache_protocol:start_link/4 at <0.212.0> exit with reason: timeout
2018-04-08 10:59:34 =ERROR REPORT====
** Generic server <0.228.0> terminating 
** Last message in was timeout
** When Server state == {sock_state,#Port<0.3496>,ranch_tcp,'STATUS_WAITING_AUTH',undefined}
** Reason for termination == 
** timeout
2018-04-08 10:59:34 =CRASH REPORT====
  crasher:
    initial call: ecache_protocol:init/4
    pid: <0.228.0>
    registered_name: []
    exception exit: {timeout,[{gen_server,terminate,7,[{file,"gen_server.erl"},{line,812}]},{proc_lib,init_p_do_apply,3,[{file,"proc_lib.erl"},{line,247}]}]}
    ancestors: [<0.99.0>,<0.98.0>,ranch_sup,<0.95.0>]
    messages: []
    links: [<0.99.0>,#Port<0.3496>]
    dictionary: []
    trap_exit: false
    status: running
    heap_size: 987
    stack_size: 27
    reductions: 6112
  neighbours:
2018-04-08 10:59:34 =ERROR REPORT====
Ranch listener ecache had connection process started with ecache_protocol:start_link/4 at <0.228.0> exit with reason: timeout
2018-04-08 11:07:10 =ERROR REPORT====
** Generic server <0.229.0> terminating 
** Last message in was timeout
** When Server state == {sock_state,#Port<0.3497>,ranch_tcp,'STATUS_WAITING_AUTH',undefined}
** Reason for termination == 
** timeout
2018-04-08 11:07:10 =CRASH REPORT====
  crasher:
    initial call: ecache_protocol:init/4
    pid: <0.229.0>
    registered_name: []
    exception exit: {timeout,[{gen_server,terminate,7,[{file,"gen_server.erl"},{line,812}]},{proc_lib,init_p_do_apply,3,[{file,"proc_lib.erl"},{line,247}]}]}
    ancestors: [<0.99.0>,<0.98.0>,ranch_sup,<0.95.0>]
    messages: []
    links: [<0.99.0>,#Port<0.3497>]
    dictionary: []
    trap_exit: false
    status: running
    heap_size: 987
    stack_size: 27
    reductions: 164087
  neighbours:
2018-04-08 11:07:10 =ERROR REPORT====
Ranch listener ecache had connection process started with ecache_protocol:start_link/4 at <0.229.0> exit with reason: timeout
2018-04-08 11:24:40 =ERROR REPORT====
** Generic server <0.246.0> terminating 
** Last message in was {tcp,#Port<0.3504>,<<131,108,0,0,0,3,104,2,109,0,0,0,6,100,101,118,105,99,101,109,0,0,0,9,99,108,105,101,110,116,95,105,100,104,2,109,0,0,0,13,109,101,115,115,97,103,101,95,116,114,97,105,116,109,0,0,0,9,107,101,101,112,97,108,105,118,101,104,2,109,0,0,0,8,109,115,103,95,116,121,112,101,109,0,0,0,9,107,101,101,112,97,108,105,118,101,106>>}
** When Server state == ok
** Reason for termination == 
** {function_clause,[{ecache_protocol,terminate,[error_message,ok],[{file,"src/ecache_protocol.erl"},{line,146}]},{gen_server,try_terminate,3,[{file,"gen_server.erl"},{line,629}]},{gen_server,terminate,7,[{file,"gen_server.erl"},{line,795}]},{proc_lib,init_p_do_apply,3,[{file,"proc_lib.erl"},{line,247}]}]}
2018-04-08 11:24:40 =CRASH REPORT====
  crasher:
    initial call: ecache_protocol:init/4
    pid: <0.246.0>
    registered_name: []
    exception exit: {{function_clause,[{ecache_protocol,terminate,[error_message,ok],[{file,"src/ecache_protocol.erl"},{line,146}]},{gen_server,try_terminate,3,[{file,"gen_server.erl"},{line,629}]},{gen_server,terminate,7,[{file,"gen_server.erl"},{line,795}]},{proc_lib,init_p_do_apply,3,[{file,"proc_lib.erl"},{line,247}]}]},[{gen_server,terminate,7,[{file,"gen_server.erl"},{line,800}]},{proc_lib,init_p_do_apply,3,[{file,"proc_lib.erl"},{line,247}]}]}
    ancestors: [<0.99.0>,<0.98.0>,ranch_sup,<0.95.0>]
    messages: []
    links: [<0.99.0>,#Port<0.3504>]
    dictionary: []
    trap_exit: false
    status: running
    heap_size: 987
    stack_size: 27
    reductions: 16926
  neighbours:
2018-04-08 11:24:40 =ERROR REPORT====
Ranch listener ecache had connection process started with ecache_protocol:start_link/4 at <0.246.0> exit with reason: {function_clause,[{ecache_protocol,terminate,[error_message,ok],[{file,"src/ecache_protocol.erl"},{line,146}]},{gen_server,try_terminate,3,[{file,"gen_server.erl"},{line,629}]},{gen_server,terminate,7,[{file,"gen_server.erl"},{line,795}]},{proc_lib,init_p_do_apply,3,[{file,"proc_lib.erl"},{line,247}]}]}
2018-04-08 11:25:10 =ERROR REPORT====
** Generic server <0.234.0> terminating 
** Last message in was timeout
** When Server state == {sock_state,#Port<0.3499>,ranch_tcp,'STATUS_WAITING_AUTH',undefined}
** Reason for termination == 
** timeout
2018-04-08 11:25:10 =CRASH REPORT====
  crasher:
    initial call: ecache_protocol:init/4
    pid: <0.234.0>
    registered_name: []
    exception exit: {timeout,[{gen_server,terminate,7,[{file,"gen_server.erl"},{line,812}]},{proc_lib,init_p_do_apply,3,[{file,"proc_lib.erl"},{line,247}]}]}
    ancestors: [<0.99.0>,<0.98.0>,ranch_sup,<0.95.0>]
    messages: []
    links: [<0.99.0>,#Port<0.3499>]
    dictionary: []
    trap_exit: false
    status: running
    heap_size: 4185
    stack_size: 27
    reductions: 291590
  neighbours:
2018-04-08 11:25:10 =ERROR REPORT====
Ranch listener ecache had connection process started with ecache_protocol:start_link/4 at <0.234.0> exit with reason: timeout
2018-04-08 11:25:40 =ERROR REPORT====
** Generic server <0.244.0> terminating 
** Last message in was timeout
** When Server state == {sock_state,#Port<0.3502>,ranch_tcp,'STATUS_WAITING_AUTH',undefined}
** Reason for termination == 
** timeout
2018-04-08 11:25:40 =CRASH REPORT====
  crasher:
    initial call: ecache_protocol:init/4
    pid: <0.244.0>
    registered_name: []
    exception exit: {timeout,[{gen_server,terminate,7,[{file,"gen_server.erl"},{line,812}]},{proc_lib,init_p_do_apply,3,[{file,"proc_lib.erl"},{line,247}]}]}
    ancestors: [<0.99.0>,<0.98.0>,ranch_sup,<0.95.0>]
    messages: []
    links: [<0.99.0>,#Port<0.3502>]
    dictionary: []
    trap_exit: false
    status: running
    heap_size: 1598
    stack_size: 27
    reductions: 13925
  neighbours:
2018-04-08 11:25:40 =ERROR REPORT====
Ranch listener ecache had connection process started with ecache_protocol:start_link/4 at <0.244.0> exit with reason: timeout
2018-04-08 11:25:46 =ERROR REPORT====
** Generic server <0.245.0> terminating 
** Last message in was timeout
** When Server state == {sock_state,#Port<0.3503>,ranch_tcp,'STATUS_WAITING_AUTH',undefined}
** Reason for termination == 
** timeout
2018-04-08 11:25:46 =CRASH REPORT====
  crasher:
    initial call: ecache_protocol:init/4
    pid: <0.245.0>
    registered_name: []
    exception exit: {timeout,[{gen_server,terminate,7,[{file,"gen_server.erl"},{line,812}]},{proc_lib,init_p_do_apply,3,[{file,"proc_lib.erl"},{line,247}]}]}
    ancestors: [<0.99.0>,<0.98.0>,ranch_sup,<0.95.0>]
    messages: []
    links: [<0.99.0>,#Port<0.3503>]
    dictionary: []
    trap_exit: false
    status: running
    heap_size: 2586
    stack_size: 27
    reductions: 5562
  neighbours:
2018-04-08 11:25:46 =ERROR REPORT====
Ranch listener ecache had connection process started with ecache_protocol:start_link/4 at <0.245.0> exit with reason: timeout
2018-04-08 11:27:34 =ERROR REPORT====
** Generic server <0.249.0> terminating 
** Last message in was {tcp,#Port<0.3505>,<<131,108,0,0,0,3,104,2,109,0,0,0,6,100,101,118,105,99,101,109,0,0,0,9,99,108,105,101,110,116,95,105,100,104,2,109,0,0,0,13,109,101,115,115,97,103,101,95,116,114,97,105,116,109,0,0,0,9,107,101,101,112,97,108,105,118,101,104,2,109,0,0,0,8,109,115,103,95,116,121,112,101,109,0,0,0,9,107,101,101,112,97,108,105,118,101,106>>}
** When Server state == ok
** Reason for termination == 
** {function_clause,[{ecache_protocol,terminate,[error_message,ok],[{file,"src/ecache_protocol.erl"},{line,146}]},{gen_server,try_terminate,3,[{file,"gen_server.erl"},{line,629}]},{gen_server,terminate,7,[{file,"gen_server.erl"},{line,795}]},{proc_lib,init_p_do_apply,3,[{file,"proc_lib.erl"},{line,247}]}]}
2018-04-08 11:27:34 =CRASH REPORT====
  crasher:
    initial call: ecache_protocol:init/4
    pid: <0.249.0>
    registered_name: []
    exception exit: {{function_clause,[{ecache_protocol,terminate,[error_message,ok],[{file,"src/ecache_protocol.erl"},{line,146}]},{gen_server,try_terminate,3,[{file,"gen_server.erl"},{line,629}]},{gen_server,terminate,7,[{file,"gen_server.erl"},{line,795}]},{proc_lib,init_p_do_apply,3,[{file,"proc_lib.erl"},{line,247}]}]},[{gen_server,terminate,7,[{file,"gen_server.erl"},{line,800}]},{proc_lib,init_p_do_apply,3,[{file,"proc_lib.erl"},{line,247}]}]}
    ancestors: [<0.99.0>,<0.98.0>,ranch_sup,<0.95.0>]
    messages: []
    links: [<0.99.0>,#Port<0.3505>]
    dictionary: []
    trap_exit: false
    status: running
    heap_size: 6772
    stack_size: 27
    reductions: 13197
  neighbours:
2018-04-08 11:27:34 =ERROR REPORT====
Ranch listener ecache had connection process started with ecache_protocol:start_link/4 at <0.249.0> exit with reason: {function_clause,[{ecache_protocol,terminate,[error_message,ok],[{file,"src/ecache_protocol.erl"},{line,146}]},{gen_server,try_terminate,3,[{file,"gen_server.erl"},{line,629}]},{gen_server,terminate,7,[{file,"gen_server.erl"},{line,795}]},{proc_lib,init_p_do_apply,3,[{file,"proc_lib.erl"},{line,247}]}]}
2018-04-08 11:37:44 =ERROR REPORT====
Bad value on output port 'tcp_inet'

2018-04-08 11:37:51 =ERROR REPORT====
Bad value on output port 'tcp_inet'

2018-04-08 11:38:05 =ERROR REPORT====
Bad value on output port 'tcp_inet'

2018-04-08 11:38:35 =ERROR REPORT====
Bad value on output port 'tcp_inet'

2018-04-08 11:39:05 =ERROR REPORT====
Bad value on output port 'tcp_inet'

2018-04-08 11:39:35 =ERROR REPORT====
Bad value on output port 'tcp_inet'

2018-04-08 11:40:05 =ERROR REPORT====
Bad value on output port 'tcp_inet'

2018-04-08 11:40:35 =ERROR REPORT====
Bad value on output port 'tcp_inet'

2018-04-08 11:41:05 =ERROR REPORT====
Bad value on output port 'tcp_inet'

2018-04-08 11:41:35 =ERROR REPORT====
Bad value on output port 'tcp_inet'

2018-04-08 11:42:05 =ERROR REPORT====
Bad value on output port 'tcp_inet'

2018-04-08 11:42:35 =ERROR REPORT====
Bad value on output port 'tcp_inet'

2018-04-08 11:43:05 =ERROR REPORT====
Bad value on output port 'tcp_inet'

2018-04-08 11:43:35 =ERROR REPORT====
Bad value on output port 'tcp_inet'

2018-04-08 11:44:05 =ERROR REPORT====
Bad value on output port 'tcp_inet'

2018-04-08 12:01:35 =ERROR REPORT====
** Generic server <0.255.0> terminating 
** Last message in was timeout
** When Server state == {sock_state,#Port<0.3507>,ranch_tcp,'STATUS_AUTHED',undefined}
** Reason for termination == 
** timeout
2018-04-08 12:01:35 =CRASH REPORT====
  crasher:
    initial call: ecache_protocol:init/4
    pid: <0.255.0>
    registered_name: []
    exception exit: {timeout,[{gen_server,terminate,7,[{file,"gen_server.erl"},{line,812}]},{proc_lib,init_p_do_apply,3,[{file,"proc_lib.erl"},{line,247}]}]}
    ancestors: [<0.99.0>,<0.98.0>,ranch_sup,<0.95.0>]
    messages: []
    links: [<0.99.0>,#Port<0.3507>]
    dictionary: []
    trap_exit: false
    status: running
    heap_size: 4185
    stack_size: 27
    reductions: 147282
  neighbours:
2018-04-08 12:01:35 =ERROR REPORT====
Ranch listener ecache had connection process started with ecache_protocol:start_link/4 at <0.255.0> exit with reason: timeout
2018-04-08 13:06:45 =ERROR REPORT====
** Generic server <0.267.0> terminating 
** Last message in was timeout
** When Server state == {sock_state,#Port<0.3510>,ranch_tcp,'STATUS_AUTHED',undefined}
** Reason for termination == 
** timeout
2018-04-08 13:06:45 =CRASH REPORT====
  crasher:
    initial call: ecache_protocol:init/4
    pid: <0.267.0>
    registered_name: []
    exception exit: {timeout,[{gen_server,terminate,7,[{file,"gen_server.erl"},{line,812}]},{proc_lib,init_p_do_apply,3,[{file,"proc_lib.erl"},{line,247}]}]}
    ancestors: [<0.99.0>,<0.98.0>,ranch_sup,<0.95.0>]
    messages: []
    links: [<0.99.0>,#Port<0.3510>]
    dictionary: []
    trap_exit: false
    status: running
    heap_size: 6772
    stack_size: 27
    reductions: 125940
  neighbours:
2018-04-08 13:06:45 =ERROR REPORT====
Ranch listener ecache had connection process started with ecache_protocol:start_link/4 at <0.267.0> exit with reason: timeout
2018-04-08 13:30:55 =ERROR REPORT====
** Generic server <0.282.0> terminating 
** Last message in was {tcp,#Port<0.3511>,<<131,108,0,0,0,6,104,2,109,0,0,0,8,109,115,103,95,116,121,112,101,109,0,0,0,7,101,120,101,99,117,116,101,104,2,109,0,0,0,6,115,101,113,95,105,100,109,0,0,0,4,97,117,116,104,104,2,109,0,0,0,3,113,111,115,97,2,104,2,109,0,0,0,1,109,100,0,2,105,111,104,2,109,0,0,0,1,102,100,0,6,102,111,114,109,97,116,104,2,109,0,0,0,1,97,108,0,0,0,2,107,0,2,126,112,108,0,0,0,1,100,0,9,116,101,115,116,115,115,115,115,115,106,106,106>>}
** When Server state == {sock_state,#Port<0.3511>,ranch_tcp,'STATUS_AUTHED',undefined}
** Reason for termination == 
** {'module could not be loaded',[{format,io,["~p",[testsssss]],[]},{ecache_protocol,process_data,5,[{file,"src/ecache_protocol.erl"},{line,180}]},{ecache_protocol,handle_info,2,[{file,"src/ecache_protocol.erl"},{line,101}]},{gen_server,try_dispatch,4,[{file,"gen_server.erl"},{line,601}]},{gen_server,handle_msg,5,[{file,"gen_server.erl"},{line,667}]},{proc_lib,init_p_do_apply,3,[{file,"proc_lib.erl"},{line,247}]}]}
2018-04-08 13:30:55 =CRASH REPORT====
  crasher:
    initial call: ecache_protocol:init/4
    pid: <0.282.0>
    registered_name: []
    exception exit: {{undef,[{format,io,["~p",[testsssss]],[]},{ecache_protocol,process_data,5,[{file,"src/ecache_protocol.erl"},{line,180}]},{ecache_protocol,handle_info,2,[{file,"src/ecache_protocol.erl"},{line,101}]},{gen_server,try_dispatch,4,[{file,"gen_server.erl"},{line,601}]},{gen_server,handle_msg,5,[{file,"gen_server.erl"},{line,667}]},{proc_lib,init_p_do_apply,3,[{file,"proc_lib.erl"},{line,247}]}]},[{gen_server,terminate,7,[{file,"gen_server.erl"},{line,812}]},{proc_lib,init_p_do_apply,3,[{file,"proc_lib.erl"},{line,247}]}]}
    ancestors: [<0.99.0>,<0.98.0>,ranch_sup,<0.95.0>]
    messages: []
    links: [<0.99.0>,#Port<0.3511>]
    dictionary: []
    trap_exit: false
    status: running
    heap_size: 6772
    stack_size: 27
    reductions: 104523
  neighbours:
2018-04-08 13:30:55 =ERROR REPORT====
Ranch listener ecache had connection process started with ecache_protocol:start_link/4 at <0.282.0> exit with reason: {undef,[{format,io,["~p",[testsssss]],[]},{ecache_protocol,process_data,5,[{file,"src/ecache_protocol.erl"},{line,180}]},{ecache_protocol,handle_info,2,[{file,"src/ecache_protocol.erl"},{line,101}]},{gen_server,try_dispatch,4,[{file,"gen_server.erl"},{line,601}]},{gen_server,handle_msg,5,[{file,"gen_server.erl"},{line,667}]},{proc_lib,init_p_do_apply,3,[{file,"proc_lib.erl"},{line,247}]}]}
